[06-04|00:26:01.826] INFO cmd/root.go:137 -----------
[06-04|00:26:01.826] INFO cmd/root.go:138 cmd: completion bash
[06-04|00:26:01.927] WARN cmd/root.go:189 failed to read last-actions file! This is non-critical but is logged {"error": "open /root/.avalanche-cli/.last_actions.json: no such file or directory"}
[06-04|00:26:07.756] INFO cmd/root.go:137 -----------
[06-04|00:26:07.759] INFO cmd/root.go:138 cmd: blockchain create testnet --vm /subnet-vm/subnet-vm --validator-manager-owner 0c0deba5e0000000000000000000000000000000 --genesis /genesis.json --force --sovereign=true --proof-of-authority --evm-token 4242 --warp --icm
[06-04|00:26:10.297] INFO ux/output.go:43 ✓ Validator Manager Contract owner address 0c0deba5e0000000000000000000000000000000

[06-04|00:26:10.298] INFO ux/output.go:43 creating custom VM blockchain testnet

[06-04|00:26:10.518] INFO ux/output.go:43 File /root/.avalanche-cli/subnets/testnet/chain.json successfully written

[06-04|00:26:10.519] INFO ux/output.go:43 ✓ Successfully created blockchain configuration

[06-04|00:26:10.519] INFO ux/output.go:43 Run 'avalanche blockchain describe' to view all created addresses and what their roles are

[06-04|00:27:33.117] INFO cmd/root.go:137 -----------
[06-04|00:27:33.120] INFO cmd/root.go:138 cmd: network status
[06-04|00:27:33.552] INFO ux/output.go:43 Error: network is not running

[06-04|00:27:41.680] INFO cmd/root.go:137 -----------
[06-04|00:27:41.692] INFO cmd/root.go:138 cmd: network start
[06-04|00:27:42.099] INFO binutils/release.go:98 Using binary version {"version": "v1.13.0"}
[06-04|00:27:42.100] INFO ux/output.go:43 Installing avalanchego-v1.13.0...

[06-04|00:27:46.879] INFO ux/output.go:43 avalanchego-v1.13.0 installation successful

[06-04|00:27:46.916] INFO ux/output.go:43 AvalancheGo path: /root/.avalanche-cli/bin/avalanchego/avalanchego-v1.13.0/avalanchego


[06-04|00:27:46.916] INFO ux/output.go:43 Booting Network. Wait until healthy...

[06-04|00:27:46.916] INFO tmpnet/network.go:199 preparing configuration for new network {"avalanchegoPath": "/root/.avalanche-cli/bin/avalanchego/avalanchego-v1.13.0/avalanchego", "pluginDir": "/root/.avalanche-cli/plugins"}
[06-04|00:27:48.249] INFO tmpnet/node_process.go:123 started local node {"nodeID": "NodeID-7Xhw2mDxuDS44j42TCB6U5579esbSt3Lg", "dataDir": "/root/.avalanche-cli/runs/network_20250604_002746/NodeID-7Xhw2mDxuDS44j42TCB6U5579esbSt3Lg", "isEphemeral": false}
[06-04|00:27:49.092] INFO tmpnet/node_process.go:123 started local node {"nodeID": "NodeID-MFrZFVCXPv5iCn6M9K6XduxGTYp891xXZ", "dataDir": "/root/.avalanche-cli/runs/network_20250604_002746/NodeID-MFrZFVCXPv5iCn6M9K6XduxGTYp891xXZ", "isEphemeral": false}
[06-04|00:27:55.118] INFO ux/output.go:43 

[06-04|00:27:55.118] INFO ux/output.go:43 Node logs directory: /root/.avalanche-cli/runs/network_20250604_002746/<NodeID>/logs

[06-04|00:27:55.119] INFO ux/output.go:43 

[06-04|00:27:55.119] INFO ux/output.go:43 Network ready to use.

[06-04|00:27:55.119] INFO ux/output.go:43 

[06-04|00:27:55.238] INFO ux/output.go:43 +------------------------------------------------------------------+
|                           PRIMARY NODES                          |
+------------------------------------------+-----------------------+
| NODE ID                                  | LOCALHOST ENDPOINT    |
+------------------------------------------+-----------------------+
| NodeID-7Xhw2mDxuDS44j42TCB6U5579esbSt3Lg | http://127.0.0.1:9650 |
+------------------------------------------+-----------------------+
| NodeID-MFrZFVCXPv5iCn6M9K6XduxGTYp891xXZ | http://127.0.0.1:9652 |
+------------------------------------------+-----------------------+

[06-04|00:27:59.313] INFO cmd/root.go:137 -----------
[06-04|00:27:59.315] INFO cmd/root.go:138 cmd: network status
[06-04|00:27:59.631] INFO ux/output.go:43 Network is Up:

[06-04|00:27:59.636] INFO ux/output.go:43   Number of Nodes: 2

[06-04|00:27:59.636] INFO ux/output.go:43   Number of Blockchains: 0

[06-04|00:27:59.636] INFO ux/output.go:43   Network Healthy: true

[06-04|00:27:59.636] INFO ux/output.go:43   Blockchains Healthy: true

[06-04|00:27:59.636] INFO ux/output.go:43 

[06-04|00:27:59.754] INFO ux/output.go:43 +------------------------------------------------------------------+
|                           PRIMARY NODES                          |
+------------------------------------------+-----------------------+
| NODE ID                                  | LOCALHOST ENDPOINT    |
+------------------------------------------+-----------------------+
| NodeID-7Xhw2mDxuDS44j42TCB6U5579esbSt3Lg | http://127.0.0.1:9650 |
+------------------------------------------+-----------------------+
| NodeID-MFrZFVCXPv5iCn6M9K6XduxGTYp891xXZ | http://127.0.0.1:9652 |
+------------------------------------------+-----------------------+

[06-04|00:28:55.051] INFO cmd/root.go:137 -----------
[06-04|00:28:55.053] INFO cmd/root.go:138 cmd: blockchain deploy testnet --local
[06-04|00:28:55.189] INFO ux/output.go:43 Deploying [testnet] to Local Network

[06-04|00:28:55.669] INFO ux/output.go:43 

[06-04|00:28:55.706] INFO ux/output.go:43 Network has already been booted.

[06-04|00:28:55.810] INFO ux/output.go:43 Using [P-custom18jma8ppw3nhx5r4ap8clazz0dps7rv5u9xde7p] to be set as a change owner for leftover AVAX

[06-04|00:28:55.836] INFO binutils/release.go:98 Using binary version {"version": "v1.13.0"}
[06-04|00:28:55.857] INFO ux/output.go:43 AvalancheGo path: /root/.avalanche-cli/bin/avalanchego/avalanchego-v1.13.0/avalanchego


[06-04|00:28:55.857] INFO ux/output.go:43 [92m✓[0m Local cluster testnet-local-node-local-network not found. Creating...

[06-04|00:28:55.976] INFO ux/output.go:43 Starting local avalanchego node using root: /root/.avalanche-cli/local/testnet-local-node-local-network ...

[06-04|00:28:55.976] INFO ux/spinner.go:48 Booting Network. Wait until healthy... [Spinner Start]
[06-04|00:28:55.977] INFO tmpnet/network.go:199 preparing configuration for new network {"avalanchegoPath": "/root/.avalanche-cli/bin/avalanchego/avalanchego-v1.13.0/avalanchego", "pluginDir": "/root/.avalanche-cli/local/testnet-local-node-local-network/plugins"}
[06-04|00:28:56.603] INFO tmpnet/node_process.go:123 started local node {"nodeID": "NodeID-8KXWPtEoHA6oKvTC1mkBghXkNBrQk6TB", "dataDir": "/root/.avalanche-cli/local/testnet-local-node-local-network/NodeID-8KXWPtEoHA6oKvTC1mkBghXkNBrQk6TB", "isEphemeral": false}
[06-04|00:28:56.617] INFO ux/spinner.go:77 Booting Network. Wait until healthy... [Spinner Complete]
[06-04|00:28:56.618] INFO ux/output.go:43 [92m✓[0m Avalanchego started and ready to use from /root/.avalanche-cli/local/testnet-local-node-local-network

[06-04|00:28:56.618] INFO ux/output.go:43 

[06-04|00:28:56.619] INFO ux/output.go:43 Node logs directory: /root/.avalanche-cli/local/testnet-local-node-local-network/<NodeID>/logs

[06-04|00:28:56.619] INFO ux/output.go:43 

[06-04|00:28:56.619] INFO ux/output.go:43 Network ready to use.

[06-04|00:28:56.619] INFO ux/output.go:43 

[06-04|00:28:56.643] INFO ux/output.go:43 URI: http://127.0.0.1:39577

[06-04|00:28:56.644] INFO ux/output.go:43 NodeID: NodeID-8KXWPtEoHA6oKvTC1mkBghXkNBrQk6TB

[06-04|00:28:56.644] INFO ux/output.go:43 

[06-04|00:28:56.667] INFO ux/output.go:43 Your blockchain control keys: [P-custom18jma8ppw3nhx5r4ap8clazz0dps7rv5u9xde7p]

[06-04|00:28:56.668] INFO ux/output.go:43 Your blockchain auth keys for chain creation: [P-custom18jma8ppw3nhx5r4ap8clazz0dps7rv5u9xde7p]

[06-04|00:28:56.694] INFO ux/output.go:43 [1;33mCreateSubnetTx fee: 0.000010278 AVAX[0;0m

[06-04|00:28:56.848] INFO ux/output.go:43 Blockchain has been created with ID: 2W9boARgCWL25z6pMFNtkCfNA5v28VGg9PmBgUJfuKndEdhrvw

[06-04|00:28:58.851] INFO ux/output.go:43 Now creating blockchain...

[06-04|00:28:58.871] INFO ux/output.go:43 [1;33mCreateChainTx fee: 0.000129154 AVAX[0;0m

[06-04|00:28:59.493] INFO ux/output.go:43 +--------------------------------------------------------------------+
|                         DEPLOYMENT RESULTS                         |
+---------------+----------------------------------------------------+
| Chain Name    | testnet                                            |
+---------------+----------------------------------------------------+
| Subnet ID     | 2W9boARgCWL25z6pMFNtkCfNA5v28VGg9PmBgUJfuKndEdhrvw |
+---------------+----------------------------------------------------+
| VM ID         | tGBrM9sUKNDndS9ZnHHePP9d995GTg2FkmfAGjZkTYd2ahPUQ  |
+---------------+----------------------------------------------------+
| Blockchain ID | 2doZJ8Wu3L6LK9TPZtNjSwRZuXsLApGYGBZQLs8cDNDUaopJMB |
+---------------+                                                    |
| P-Chain TXID  |                                                    |
+---------------+----------------------------------------------------+

[06-04|00:28:59.495] INFO ux/output.go:43 Now calling ConvertSubnetToL1Tx...

[06-04|00:28:59.522] INFO ux/output.go:43 [1;33mConvertSubnetToL1Tx fee: 0.000036992 AVAX[0;0m

[06-04|00:28:59.631] INFO ux/output.go:43 ConvertSubnetToL1Tx ID: VqnSSuxF187XvN3uPVcLawamcqmRnhPncstgWBKoBh5ai7Miy

[06-04|00:29:30.088] INFO ux/output.go:43 

[06-04|00:29:30.097] INFO ux/output.go:43 [1;33mValidator Manager Protocol: v1.0.0[0;0m

[06-04|00:29:31.084] INFO ux/output.go:43 Restarting node NodeID-8KXWPtEoHA6oKvTC1mkBghXkNBrQk6TB to track newly deployed subnet/s

[06-04|00:29:32.308] INFO tmpnet/node_process.go:123 started local node {"nodeID": "NodeID-8KXWPtEoHA6oKvTC1mkBghXkNBrQk6TB", "dataDir": "/root/.avalanche-cli/local/testnet-local-node-local-network/NodeID-8KXWPtEoHA6oKvTC1mkBghXkNBrQk6TB", "isEphemeral": false}
[06-04|00:29:32.312] INFO ux/output.go:43 Waiting for blockchain 2doZJ8Wu3L6LK9TPZtNjSwRZuXsLApGYGBZQLs8cDNDUaopJMB to be bootstrapped

[06-04|00:29:33.315] INFO ux/output.go:43 [92m✓[0m Local Network successfully tracking testnet

[06-04|00:29:33.435] INFO ux/spinner.go:48 Checking if node is healthy... [Spinner Start]
[06-04|00:29:33.437] INFO ux/spinner.go:77 Checking if node is healthy... [Spinner Complete]
[06-04|00:29:33.437] INFO ux/output.go:43 [92m✓[0m Node is healthy after 0 seconds

[06-04|00:29:33.493] INFO ux/output.go:43 Initializing Proof of Authority Validator Manager contract on blockchain testnet ...

[06-04|00:29:39.591] INFO ux/output.go:43 [92m✓[0m Proof of Authority Validator Manager contract successfully initialized on blockchain testnet

[06-04|00:29:39.591] INFO ux/output.go:43 

[06-04|00:29:39.591] INFO ux/output.go:43 [0;32mYour L1 is ready for on-chain interactions.[0;0m

[06-04|00:29:39.592] INFO ux/output.go:43 

[06-04|00:29:39.597] INFO ux/output.go:43 [1;33mRPC Endpoint: http://127.0.0.1:39577/ext/bc/2doZJ8Wu3L6LK9TPZtNjSwRZuXsLApGYGBZQLs8cDNDUaopJMB/rpc[0;0m

[06-04|00:29:42.782] INFO ux/output.go:43 ICM Messenger successfully deployed to testnet (0x253b2784c75e510dD0fF1da844684a1aC0aa5fcf)

[06-04|00:29:45.814] INFO ux/output.go:43 ICM Registry successfully deployed to testnet (0xF161393e2b2b0D33bf20801457F77C10F67c148B)

[06-04|00:29:47.843] INFO ux/output.go:43 ICM Messenger successfully deployed to c-chain (0x253b2784c75e510dD0fF1da844684a1aC0aa5fcf)

[06-04|00:29:49.859] INFO ux/output.go:43 ICM Registry successfully deployed to c-chain (0x17aB05351fC94a1a67Bf3f56DdbB941aE6c63E25)

[06-04|00:29:49.921] INFO ux/output.go:43 [92m✓[0m ICM is successfully deployed

[06-04|00:29:50.142] INFO ux/output.go:43 [91m✗[0m Relayer is not deployed due to: open /root/.avalanche-cli/key/cli-awm-relayer.pk: no such file or directory

[06-04|00:29:50.395] INFO ux/output.go:43 

[06-04|00:29:50.445] INFO ux/output.go:43 +---------------------------------------------------------------------------------------------------------------------------------+
|                                                             TESTNET                                                             |
+---------------+-----------------------------------------------------------------------------------------------------------------+
| Name          | testnet                                                                                                         |
+---------------+-----------------------------------------------------------------------------------------------------------------+
| VM ID         | tGBrM9sUKNDndS9ZnHHePP9d995GTg2FkmfAGjZkTYd2ahPUQ                                                               |
+---------------+-----------------------------------------------------------------------------------------------------------------+
| VM Version    |                                                                                                                 |
+---------------+-----------------------------------------------------------------------------------------------------------------+
| Validation    | Proof Of Authority                                                                                              |
+---------------+--------------------------+--------------------------------------------------------------------------------------+
| Local Network | ChainID                  | 4242                                                                                 |
|               +--------------------------+--------------------------------------------------------------------------------------+
|               | SubnetID                 | 2W9boARgCWL25z6pMFNtkCfNA5v28VGg9PmBgUJfuKndEdhrvw                                   |
|               +--------------------------+--------------------------------------------------------------------------------------+
|               | Owners (Threhold=1)      | P-custom18jma8ppw3nhx5r4ap8clazz0dps7rv5u9xde7p                                      |
|               +--------------------------+--------------------------------------------------------------------------------------+
|               | BlockchainID (CB58)      | 2doZJ8Wu3L6LK9TPZtNjSwRZuXsLApGYGBZQLs8cDNDUaopJMB                                   |
|               +--------------------------+--------------------------------------------------------------------------------------+
|               | BlockchainID (HEX)       | 0xd742d9d45c9299c3b1bdea114422778f479d3e6645836aa0b2c8227b88e00361                   |
|               +--------------------------+--------------------------------------------------------------------------------------+
|               | RPC Endpoint             | http://127.0.0.1:39577/ext/bc/2doZJ8Wu3L6LK9TPZtNjSwRZuXsLApGYGBZQLs8cDNDUaopJMB/rpc |
+---------------+--------------------------+--------------------------------------------------------------------------------------+

[06-04|00:29:50.447] INFO ux/output.go:43 

[06-04|00:29:50.447] INFO ux/output.go:43 +------------------------------------------------------------------------------------+
|                                         ICM                                        |
+---------------+-----------------------+--------------------------------------------+
| Local Network | ICM Messenger Address | 0x253b2784c75e510dD0fF1da844684a1aC0aa5fcf |
|               +-----------------------+--------------------------------------------+
|               | ICM Registry Address  | 0xF161393e2b2b0D33bf20801457F77C10F67c148B |
+---------------+-----------------------+--------------------------------------------+

[06-04|00:29:50.447] INFO ux/output.go:43 

[06-04|00:29:50.448] INFO ux/output.go:43 +---------------------------+
|           TOKEN           |
+--------------+------------+
| Token Name   | 4242 Token |
+--------------+------------+
| Token Symbol | 4242       |
+--------------+------------+

[06-04|00:29:50.461] INFO ux/output.go:43 

[06-04|00:29:50.489] INFO ux/output.go:43 +----------------------------------------------------------------------------------------------------------------------------------------------+
|                                                           INITIAL TOKEN ALLOCATION                                                           |
+-------------------------+------------------------------------------------------------------+---------------+---------------------------------+
| DESCRIPTION             | ADDRESS AND PRIVATE KEY                                          | AMOUNT (4242) | AMOUNT (WEI)                    |
+-------------------------+------------------------------------------------------------------+---------------+---------------------------------+
|                         | 0xbF48F85C12fea6c3078bFE10B69983E202D357C8                       | 600           | 600000000000000000000           |
|                         |                                                                  |               |                                 |
+-------------------------+------------------------------------------------------------------+---------------+---------------------------------+
|                         | 0x0C0DEbA5E0000000000000000000000000000000                       | 618970019     | 618970019642690137449562112     |
|                         |                                                                  |               |                                 |
+-------------------------+------------------------------------------------------------------+---------------+---------------------------------+
|                         | 0x0Feedc0de0000000000000000000000000000000                       | 618970019     | 618970019642690137449562112     |
|                         |                                                                  |               |                                 |
+-------------------------+------------------------------------------------------------------+---------------+---------------------------------+
| [0;33mUsed by ICM[0;0m             | 0x4Cb4F5394AB9430dB2e857a333f978a1Cb402B22                       | 600           | 600000000000000000000           |
| cli-teleporter-deployer | 88c723e727d926bf95d5054f28e10911dbe04eeb664ddf245a6e5453fd396608 |               |                                 |
+-------------------------+------------------------------------------------------------------+---------------+---------------------------------+
| [0;33mMain funded account[0;0m     | 0x8db97C7cEcE249c2b98bDC0226Cc4C2A57BF52FC                       | 1000000000000 | 1000000000000000000000000000000 |
| ewoq                    | 56289e99c94b6912bfc12adc093c9b51124f0dc54ac7a766b2bc5ccf558d8027 |               |                                 |
+-------------------------+------------------------------------------------------------------+---------------+---------------------------------+

[06-04|00:29:50.490] INFO ux/output.go:43 

[06-04|00:29:50.490] INFO ux/output.go:43 +---------------------------------------------------------------------------------------------------------------------------------+
|                                                         SMART CONTRACTS                                                         |
+-----------------------------------------+--------------------------------------------+------------------------------------------+
| DESCRIPTION                             | ADDRESS                                    | DEPLOYER                                 |
+-----------------------------------------+--------------------------------------------+------------------------------------------+
| Proxy Admin                             | 0xC0fFEE1234567890aBCdeF1234567890abcDef34 | 0c0deba5e0000000000000000000000000000000 |
+-----------------------------------------+--------------------------------------------+------------------------------------------+
| v1.0.0 Compatible PoA Validator Manager | 0x0C0DEbA5E0000000000000000000000000000000 |                                          |
+-----------------------------------------+--------------------------------------------+------------------------------------------+
| Transparent Proxy                       | 0x0Feedc0de0000000000000000000000000000000 |                                          |
+-----------------------------------------+--------------------------------------------+------------------------------------------+
| Validator Messages Lib                  | 0x9C00629cE712B0255b17A4a657171Acd15720B8C |                                          |
+-----------------------------------------+--------------------------------------------+------------------------------------------+

[06-04|00:29:50.491] INFO ux/output.go:43 

[06-04|00:29:50.491] INFO ux/output.go:43 +----------------------------------------------------------------------+
|                      INITIAL PRECOMPILE CONFIGS                      |
+------------+-----------------+-------------------+-------------------+
| PRECOMPILE | ADMIN ADDRESSES | MANAGER ADDRESSES | ENABLED ADDRESSES |
+------------+-----------------+-------------------+-------------------+
| Warp       | n/a             | n/a               | n/a               |
+------------+-----------------+-------------------+-------------------+

[06-04|00:29:50.491] INFO ux/output.go:43 

[06-04|00:29:50.715] INFO ux/output.go:43 +--------------------------------------------------------------------------------------------------+
|                                         TESTNET RPC URLS                                         |
+-----------+--------------------------------------------------------------------------------------+
| Localhost | http://127.0.0.1:39577/ext/bc/2doZJ8Wu3L6LK9TPZtNjSwRZuXsLApGYGBZQLs8cDNDUaopJMB/rpc |
+-----------+--------------------------------------------------------------------------------------+

[06-04|00:29:50.715] INFO ux/output.go:43 

[06-04|00:29:50.764] INFO ux/output.go:43 +------------------------------------------------------------------+
|                           PRIMARY NODES                          |
+------------------------------------------+-----------------------+
| NODE ID                                  | LOCALHOST ENDPOINT    |
+------------------------------------------+-----------------------+
| NodeID-7Xhw2mDxuDS44j42TCB6U5579esbSt3Lg | http://127.0.0.1:9650 |
+------------------------------------------+-----------------------+
| NodeID-MFrZFVCXPv5iCn6M9K6XduxGTYp891xXZ | http://127.0.0.1:9652 |
+------------------------------------------+-----------------------+

[06-04|00:29:50.967] INFO ux/output.go:43 +----------------------------------------------------------------------------+
|                                  L1 NODES                                  |
+-----------------------------------------+------------------------+---------+
| NODE ID                                 | LOCALHOST ENDPOINT     | L1      |
+-----------------------------------------+------------------------+---------+
| NodeID-8KXWPtEoHA6oKvTC1mkBghXkNBrQk6TB | http://127.0.0.1:39577 | testnet |
+-----------------------------------------+------------------------+---------+

[06-04|00:29:50.967] INFO ux/output.go:43 

[06-04|00:29:50.967] INFO ux/output.go:43 +--------------------------------------------------------------------------------------------------------+
|                                            WALLET CONNECTION                                           |
+-----------------+--------------------------------------------------------------------------------------+
| Network RPC URL | http://127.0.0.1:39577/ext/bc/2doZJ8Wu3L6LK9TPZtNjSwRZuXsLApGYGBZQLs8cDNDUaopJMB/rpc |
+-----------------+--------------------------------------------------------------------------------------+
| Network Name    | testnet                                                                              |
+-----------------+--------------------------------------------------------------------------------------+
| Chain ID        | 4242                                                                                 |
+-----------------+--------------------------------------------------------------------------------------+
| Token Symbol    | 4242                                                                                 |
+-----------------+--------------------------------------------------------------------------------------+
| Token Name      | 4242 Token                                                                           |
+-----------------+--------------------------------------------------------------------------------------+

[06-04|00:29:50.968] INFO ux/output.go:43 

[06-04|00:29:50.968] INFO ux/output.go:43 Relayer is not deployed due to: open /root/.avalanche-cli/key/cli-awm-relayer.pk: no such file or directory

[06-04|00:29:50.968] INFO ux/output.go:43 

[06-04|00:29:50.969] INFO ux/output.go:43 To deploy a local relayer later on, call `avalanche interchain relayer deploy`

[06-04|00:29:50.973] INFO ux/output.go:43 This does not affect L1 operations besides Interchain Messaging

[06-04|00:29:50.973] INFO ux/output.go:43 [92m✓[0m L1 is successfully deployed on Local Network

