[06-04|00:29:37.530] INFO peers/app_request_network.go:185 Network starting with NodeID {"NodeID": "NodeID-F9xogUm2iE1mmJuZk5vVvPmhUkN96q1Z4"}
[06-04|00:29:37.533] DEBUG dialer/dialer.go:52 creating dialer {"throttleRPS": 50, "dialTimeout": "30s"}
[06-04|00:29:37.542] INFO peers/app_request_network.go:206 Manually Tracking peer (startup) {"ID": "NodeID-8KXWPtEoHA6oKvTC1mkBghXkNBrQk6TB", "IP": "127.0.0.1:42249"}
[06-04|00:29:37.550] INFO peers/app_request_network.go:258 Manually tracking bootstrap node {"ID": "NodeID-MFrZFVCXPv5iCn6M9K6XduxGTYp891xXZ", "IP": "127.0.0.1:9653"}
[06-04|00:29:37.551] WARN peers/app_request_network.go:246 Failed to connect to enough bootstrap nodes {"targetBootstrapNodes": 5, "numAvailablePeers": 2, "connectedBootstrapNodes": 1}
[06-04|00:29:37.551] DEBUG peers/external_handler.go:109 Connected {"nodeID": "NodeID-8KXWPtEoHA6oKvTC1mkBghXkNBrQk6TB", "version": "avalanchego/1.13.0", "subnetID": "11111111111111111111111111111111LpoYY"}
[06-04|00:29:37.555] DEBUG peers/external_handler.go:109 Connected {"nodeID": "NodeID-8KXWPtEoHA6oKvTC1mkBghXkNBrQk6TB", "version": "avalanchego/1.13.0", "subnetID": "2W9boARgCWL25z6pMFNtkCfNA5v28VGg9PmBgUJfuKndEdhrvw"}
[06-04|00:29:37.554] DEBUG peers/app_request_network.go:334 Fetching validators for subnets {"subnetIDs": ["11111111111111111111111111111111LpoYY","2W9boARgCWL25z6pMFNtkCfNA5v28VGg9PmBgUJfuKndEdhrvw"]}
[06-04|00:29:37.558] DEBUG peers/app_request_network.go:380 Adding validator {"nodeID": "NodeID-7Xhw2mDxuDS44j42TCB6U5579esbSt3Lg", "subnetID": "11111111111111111111111111111111LpoYY"}
[06-04|00:29:37.559] DEBUG peers/app_request_network.go:380 Adding validator {"nodeID": "NodeID-MFrZFVCXPv5iCn6M9K6XduxGTYp891xXZ", "subnetID": "11111111111111111111111111111111LpoYY"}
[06-04|00:29:37.560] DEBUG peers/app_request_network.go:380 Adding validator {"nodeID": "NodeID-8KXWPtEoHA6oKvTC1mkBghXkNBrQk6TB", "subnetID": "2W9boARgCWL25z6pMFNtkCfNA5v28VGg9PmBgUJfuKndEdhrvw"}
[06-04|00:29:37.565] DEBUG peers/external_handler.go:109 Connected {"nodeID": "NodeID-MFrZFVCXPv5iCn6M9K6XduxGTYp891xXZ", "version": "avalanchego/1.13.0", "subnetID": "11111111111111111111111111111111LpoYY"}
[06-04|00:29:37.578] DEBUG peers/external_handler.go:109 Connected {"nodeID": "NodeID-7Xhw2mDxuDS44j42TCB6U5579esbSt3Lg", "version": "avalanchego/1.13.0", "subnetID": "11111111111111111111111111111111LpoYY"}
[06-04|00:29:38.561] DEBUG aggregator/aggregator.go:150 Creating signed message {"warpMessageID": "dy3qffjsdJ79bbGTzi7owmeQoqS1HvLtdAx8TDDATVMRPbjwg"}
[06-04|00:29:38.563] INFO aggregator/aggregator.go:379 Signing subnet not found, requesting from PChain {"blockchainID": "11111111111111111111111111111111LpoYY"}
[06-04|00:29:38.564] DEBUG aggregator/aggregator.go:166 Creating signed message with signing subnet {"warpMessageID": "dy3qffjsdJ79bbGTzi7owmeQoqS1HvLtdAx8TDDATVMRPbjwg", "signingSubnet": "2W9boARgCWL25z6pMFNtkCfNA5v28VGg9PmBgUJfuKndEdhrvw"}
[06-04|00:29:38.566] DEBUG cache/cache.go:51 cache miss {"msgID": "dy3qffjsdJ79bbGTzi7owmeQoqS1HvLtdAx8TDDATVMRPbjwg"}
[06-04|00:29:38.572] DEBUG aggregator/aggregator.go:247 Aggregator collecting signatures from peers. {"sourceBlockchainID": "11111111111111111111111111111111LpoYY", "signingSubnetID": "2W9boARgCWL25z6pMFNtkCfNA5v28VGg9PmBgUJfuKndEdhrvw", "validatorSetSize": 1, "signatureMapSize": 0, "responsesExpected": 1}
[06-04|00:29:38.573] DEBUG aggregator/aggregator.go:267 Added node ID to query. {"nodeID": "NodeID-8KXWPtEoHA6oKvTC1mkBghXkNBrQk6TB", "warpMessageID": "dy3qffjsdJ79bbGTzi7owmeQoqS1HvLtdAx8TDDATVMRPbjwg", "sourceBlockchainID": "11111111111111111111111111111111LpoYY"}
[06-04|00:29:38.573] DEBUG peers/external_handler.go:137 Registering request ID {"requestID": 3483611654}
[06-04|00:29:38.573] DEBUG aggregator/aggregator.go:288 Sent signature request to network {"warpMessageID": "dy3qffjsdJ79bbGTzi7owmeQoqS1HvLtdAx8TDDATVMRPbjwg", "sentTo": ["NodeID-8KXWPtEoHA6oKvTC1mkBghXkNBrQk6TB"], "sourceBlockchainID": "11111111111111111111111111111111LpoYY", "sourceSubnetID": "11111111111111111111111111111111LpoYY", "signingSubnetID": "2W9boARgCWL25z6pMFNtkCfNA5v28VGg9PmBgUJfuKndEdhrvw"}
[06-04|00:29:38.575] DEBUG peers/external_handler.go:92 Handling app response {"op": "app_response", "from": "NodeID-8KXWPtEoHA6oKvTC1mkBghXkNBrQk6TB"}
[06-04|00:29:38.576] DEBUG aggregator/aggregator.go:311 Processing response from node {"nodeID": "NodeID-8KXWPtEoHA6oKvTC1mkBghXkNBrQk6TB", "warpMessageID": "dy3qffjsdJ79bbGTzi7owmeQoqS1HvLtdAx8TDDATVMRPbjwg", "sourceBlockchainID": "11111111111111111111111111111111LpoYY"}
[06-04|00:29:38.579] DEBUG aggregator/aggregator.go:437 Got valid signature response {"nodeID": "NodeID-8KXWPtEoHA6oKvTC1mkBghXkNBrQk6TB", "stakeWeight": 100, "warpMessageID": "dy3qffjsdJ79bbGTzi7owmeQoqS1HvLtdAx8TDDATVMRPbjwg", "sourceBlockchainID": "11111111111111111111111111111111LpoYY"}
[06-04|00:29:38.579] DEBUG cache/cache.go:51 cache miss {"msgID": "dy3qffjsdJ79bbGTzi7owmeQoqS1HvLtdAx8TDDATVMRPbjwg"}
[06-04|00:29:38.583] INFO aggregator/aggregator.go:341 Created signed message. {"warpMessageID": "dy3qffjsdJ79bbGTzi7owmeQoqS1HvLtdAx8TDDATVMRPbjwg", "signatureWeight": 100, "sourceBlockchainID": "11111111111111111111111111111111LpoYY"}
[06-04|00:29:42.617] DEBUG peers/app_request_network.go:334 Fetching validators for subnets {"subnetIDs": ["11111111111111111111111111111111LpoYY","2W9boARgCWL25z6pMFNtkCfNA5v28VGg9PmBgUJfuKndEdhrvw"]}
[06-04|00:29:47.617] DEBUG peers/app_request_network.go:334 Fetching validators for subnets {"subnetIDs": ["11111111111111111111111111111111LpoYY","2W9boARgCWL25z6pMFNtkCfNA5v28VGg9PmBgUJfuKndEdhrvw"]}
